{"/home/mariana/dev/Laboratoria/SAP003-md-links/lib/index.js": {"path":"/home/mariana/dev/Laboratoria/SAP003-md-links/lib/index.js","statementMap":{"0":{"start":{"line":1,"column":11},"end":{"line":1,"column":24}},"1":{"start":{"line":2,"column":14},"end":{"line":2,"column":35}},"2":{"start":{"line":4,"column":16},"end":{"line":36,"column":1}},"3":{"start":{"line":5,"column":4},"end":{"line":35,"column":6}},"4":{"start":{"line":6,"column":8},"end":{"line":34,"column":11}},"5":{"start":{"line":7,"column":12},"end":{"line":7,"column":45}},"6":{"start":{"line":7,"column":21},"end":{"line":7,"column":45}},"7":{"start":{"line":9,"column":26},"end":{"line":9,"column":67}},"8":{"start":{"line":11,"column":25},"end":{"line":11,"column":27}},"9":{"start":{"line":13,"column":12},"end":{"line":15,"column":13}},"10":{"start":{"line":14,"column":16},"end":{"line":14,"column":75}},"11":{"start":{"line":17,"column":12},"end":{"line":33,"column":13}},"12":{"start":{"line":18,"column":16},"end":{"line":30,"column":49}},"13":{"start":{"line":20,"column":24},"end":{"line":24,"column":61}},"14":{"start":{"line":22,"column":32},"end":{"line":22,"column":61}},"15":{"start":{"line":28,"column":20},"end":{"line":28,"column":35}},"16":{"start":{"line":32,"column":16},"end":{"line":32,"column":32}},"17":{"start":{"line":38,"column":0},"end":{"line":38,"column":25}}},"fnMap":{"0":{"name":"(anonymous_0)","decl":{"start":{"line":4,"column":16},"end":{"line":4,"column":17}},"loc":{"start":{"line":4,"column":34},"end":{"line":36,"column":1}},"line":4},"1":{"name":"(anonymous_1)","decl":{"start":{"line":5,"column":23},"end":{"line":5,"column":24}},"loc":{"start":{"line":5,"column":44},"end":{"line":35,"column":5}},"line":5},"2":{"name":"(anonymous_2)","decl":{"start":{"line":6,"column":34},"end":{"line":6,"column":35}},"loc":{"start":{"line":6,"column":49},"end":{"line":34,"column":9}},"line":6},"3":{"name":"(anonymous_3)","decl":{"start":{"line":19,"column":31},"end":{"line":19,"column":32}},"loc":{"start":{"line":19,"column":40},"end":{"line":25,"column":21}},"line":19},"4":{"name":"(anonymous_4)","decl":{"start":{"line":21,"column":34},"end":{"line":21,"column":35}},"loc":{"start":{"line":21,"column":46},"end":{"line":23,"column":29}},"line":21},"5":{"name":"(anonymous_5)","decl":{"start":{"line":27,"column":22},"end":{"line":27,"column":23}},"loc":{"start":{"line":27,"column":28},"end":{"line":29,"column":17}},"line":27}},"branchMap":{"0":{"loc":{"start":{"line":7,"column":12},"end":{"line":7,"column":45}},"type":"if","locations":[{"start":{"line":7,"column":12},"end":{"line":7,"column":45}},{"start":{"line":7,"column":12},"end":{"line":7,"column":45}}],"line":7},"1":{"loc":{"start":{"line":17,"column":12},"end":{"line":33,"column":13}},"type":"if","locations":[{"start":{"line":17,"column":12},"end":{"line":33,"column":13}},{"start":{"line":17,"column":12},"end":{"line":33,"column":13}}],"line":17}},"s":{"0":1,"1":1,"2":1,"3":4,"4":4,"5":4,"6":1,"7":4,"8":4,"9":4,"10":10,"11":4,"12":1,"13":5,"14":5,"15":1,"16":3,"17":1},"f":{"0":4,"1":4,"2":4,"3":5,"4":5,"5":1},"b":{"0":[1,3],"1":[1,3]},"_coverageSchema":"43e27e138ebf9cfc5966b082cf9a028302ed4184","hash":"5d382b0cead0e65dc74a8190bdd6854b7c5a38fe"}
}
