TN:
SF:/home/mariana/dev/Laboratoria/SAP003-md-links/lib/index.js
FN:4,(anonymous_0)
FN:5,(anonymous_1)
FN:6,(anonymous_2)
FN:19,(anonymous_3)
FN:21,(anonymous_4)
FN:27,(anonymous_5)
FNF:6
FNH:6
FNDA:4,(anonymous_0)
FNDA:4,(anonymous_1)
FNDA:4,(anonymous_2)
FNDA:5,(anonymous_3)
FNDA:5,(anonymous_4)
FNDA:1,(anonymous_5)
DA:1,1
DA:2,1
DA:4,1
DA:5,4
DA:6,4
DA:7,4
DA:9,4
DA:11,4
DA:13,4
DA:14,10
DA:17,4
DA:18,1
DA:20,5
DA:22,5
DA:28,1
DA:32,3
DA:38,1
LF:17
LH:17
BRDA:7,0,0,1
BRDA:7,0,1,3
BRDA:17,1,0,1
BRDA:17,1,1,3
BRF:4
BRH:4
end_of_record
